<?xml version="1.0" encoding="UTF-8"?>
<!-- Generated by org.testng.reporters.JUnitXMLReporter -->
<testsuite hostname="C40LAP-13013" ignored="0" name="Test" tests="3" failures="0" timestamp="2021-12-16T11:49:32 IST" time="27.424" errors="0">
  <testcase name="login_Test" time="27.362" classname="seleniumbrowser.TC_selenium"/>
  <testcase name="testlogin1" time="0.01" classname="seleniumbrowser.webapptest"/>
  <testcase name="testloin2" time="0.001" classname="seleniumbrowser.webapptest"/>
</testsuite> <!-- Test -->
