<?xml version="1.0" encoding="UTF-8"?>
<testng-results skipped="0" failed="0" ignored="0" total="3" passed="3">
  <reporter-output>
  </reporter-output>
  <suite name="Suite" duration-ms="27424" started-at="2021-12-16T11:49:04 IST" finished-at="2021-12-16T11:49:32 IST">
    <groups>
    </groups>
    <test name="Test" duration-ms="27424" started-at="2021-12-16T11:49:04 IST" finished-at="2021-12-16T11:49:32 IST">
      <class name="seleniumbrowser.webapptest">
        <test-method status="PASS" signature="testlogin1()[pri:0, instance:seleniumbrowser.webapptest@43bd930a]" name="testlogin1" duration-ms="10" started-at="2021-12-16T11:49:32 IST" finished-at="2021-12-16T11:49:32 IST">
          <reporter-output>
          </reporter-output>
        </test-method> <!-- testlogin1 -->
        <test-method status="PASS" signature="testloin2()[pri:0, instance:seleniumbrowser.webapptest@43bd930a]" name="testloin2" duration-ms="1" started-at="2021-12-16T11:49:32 IST" finished-at="2021-12-16T11:49:32 IST">
          <reporter-output>
          </reporter-output>
        </test-method> <!-- testloin2 -->
      </class> <!-- seleniumbrowser.webapptest -->
      <class name="seleniumbrowser.TC_selenium">
        <test-method status="PASS" signature="login_Test()[pri:0, instance:seleniumbrowser.TC_selenium@4a87761d]" name="login_Test" duration-ms="27362" started-at="2021-12-16T11:49:04 IST" finished-at="2021-12-16T11:49:32 IST">
          <reporter-output>
          </reporter-output>
        </test-method> <!-- login_Test -->
      </class> <!-- seleniumbrowser.TC_selenium -->
    </test> <!-- Test -->
  </suite> <!-- Suite -->
</testng-results>
